<?xml version="1.0" encoding="UTF-8"?>
<testng-results ignored="0" total="1" passed="1" failed="0" skipped="0">
  <reporter-output>
  </reporter-output>
  <suite started-at="2023-06-14T11:27:46 GMT+05:30" name="Default suite" finished-at="2023-06-14T11:28:02 GMT+05:30" duration-ms="16700">
    <groups>
    </groups>
    <test started-at="2023-06-14T11:27:46 GMT+05:30" name="Default test" finished-at="2023-06-14T11:28:02 GMT+05:30" duration-ms="16700">
      <class name="testngpkg.Sauce">
        <test-method is-config="true" signature="setup()[pri:0, instance:testngpkg.Sauce@4b8ee4de]" started-at="2023-06-14T11:27:46 GMT+05:30" name="setup" finished-at="2023-06-14T11:27:55 GMT+05:30" duration-ms="8879" status="PASS">
          <reporter-output>
          </reporter-output>
        </test-method> <!-- setup -->
        <test-method is-config="true" signature="url()[pri:0, instance:testngpkg.Sauce@4b8ee4de]" started-at="2023-06-14T11:27:55 GMT+05:30" name="url" finished-at="2023-06-14T11:27:57 GMT+05:30" duration-ms="2845" status="PASS">
          <reporter-output>
          </reporter-output>
        </test-method> <!-- url -->
        <test-method signature="test()[pri:0, instance:testngpkg.Sauce@4b8ee4de]" started-at="2023-06-14T11:27:57 GMT+05:30" name="test" finished-at="2023-06-14T11:28:02 GMT+05:30" duration-ms="4903" status="PASS">
          <reporter-output>
          </reporter-output>
        </test-method> <!-- test -->
      </class> <!-- testngpkg.Sauce -->
    </test> <!-- Default test -->
  </suite> <!-- Default suite -->
</testng-results>
